[01:29:08] [ServerMain/INFO]: [bootstrap] Running Java 25 (OpenJDK 64-Bit Server VM 25.0.3+9-2-24.04.2-Ubuntu; Ubuntu null) on Linux 6.8.0-1052-azure (amd64)
[01:29:08] [ServerMain/INFO]: [bootstrap] Loading Paper 26.1.2-60-main@b4682bf (2026-05-04T06:25:04Z) for Minecraft 26.1.2
[01:29:08] [ServerMain/INFO]: [PluginInitializerManager] Initializing plugins...
[01:29:08] [ServerMain/INFO]: [PluginInitializerManager] Initialized 0 plugins
[01:29:16] [ServerMain/INFO]: Environment: Environment[sessionHost=https://sessionserver.mojang.com, servicesHost=https://api.minecraftservices.com, profilesHost=https://api.mojang.com, name=PROD]
[01:29:16] [ServerMain/INFO]: Found new data pack file/bukkit, loading it automatically
[01:29:16] [ServerMain/INFO]: Found new data pack paper, loading it automatically
[01:29:18] [Worker-Main-1/INFO]: No existing world data, creating new world
[01:29:19] [ServerMain/INFO]: Loaded 1515 recipes
[01:29:19] [ServerMain/INFO]: Loaded 1617 advancements
[01:29:19] [ServerMain/INFO]: [ca.spottedleaf.dataconverter.minecraft.datatypes.MCTypeRegistry] Initialising converters for DataConverter...
[01:29:20] [ServerMain/INFO]: [ca.spottedleaf.dataconverter.minecraft.datatypes.MCTypeRegistry] Finished initialising converters for DataConverter in 607.0ms
[01:29:20] [Server thread/INFO]: Starting minecraft server version 26.1.2
[01:29:20] [Server thread/INFO]: Loading properties
[01:29:20] [Server thread/INFO]: This server is running Paper version 26.1.2-60-main@b4682bf (2026-05-04T06:25:04Z) (Implementing API version 26.1.2.build.60-stable)
[01:29:20] [Server thread/INFO]: [spark] This server bundles the spark profiler. For more information please visit https://docs.papermc.io/paper/profiling
[01:29:20] [Server thread/INFO]: Server Ping Player Sample Count: 12
[01:29:20] [Server thread/INFO]: Using 4 threads for Netty based IO
[01:29:21] [Server thread/INFO]: [MoonriseCommon] Paper is using 1 worker threads, 1 I/O threads
[01:29:22] [Server thread/INFO]: Default game type: SURVIVAL
[01:29:22] [Server thread/INFO]: Generating keypair
[01:29:22] [Server thread/INFO]: Starting Minecraft server on *:25565
[01:29:22] [Server thread/INFO]: Paper: Using libdeflate (Linux x86_64) compression from Velocity.
[01:29:22] [Server thread/INFO]: Paper: Using OpenSSL 3.x.x (Linux x86_64) cipher from Velocity.
[01:29:22] [Server thread/INFO]: Preparing level "world"
[01:29:23] [Server thread/INFO]: Selecting spawn point for level 'minecraft:overworld'...
[01:29:37] [Server thread/INFO]: Selecting spawn point for level 'minecraft:the_nether'...
[01:29:39] [Server thread/INFO]: Selecting spawn point for level 'minecraft:the_end'...
[01:29:40] [Server thread/INFO]: Loading 0 persistent chunks for level 'minecraft:overworld'...
[01:29:40] [Server thread/INFO]: Preparing spawn area: 100%
[01:29:40] [Server thread/INFO]: Prepared spawn area in 16994 ms
[01:29:40] [Server thread/INFO]: Loading 0 persistent chunks for level 'minecraft:the_nether'...
[01:29:40] [Server thread/INFO]: Preparing spawn area: 100%
[01:29:40] [Server thread/INFO]: Prepared spawn area in 2785 ms
[01:29:40] [Server thread/INFO]: Loading 0 persistent chunks for level 'minecraft:the_end'...
[01:29:40] [Server thread/INFO]: Preparing spawn area: 100%
[01:29:40] [Server thread/INFO]: Prepared spawn area in 493 ms
[01:29:40] [Server thread/INFO]: Done preparing level "world" (17.615s)
[01:29:40] [Server thread/INFO]: [spark] Starting background profiler...
[01:29:40] [Server thread/INFO]: Saving chunks for level 'ServerLevel[world]'/minecraft:overworld
[01:29:40] [Server thread/INFO]: Saving chunks for level 'ServerLevel[world]'/minecraft:the_nether
[01:29:40] [Server thread/INFO]: Saving chunks for level 'ServerLevel[world]'/minecraft:the_end
[01:29:40] [Server thread/INFO]: ThreadedAnvilChunkStorage (world): All chunks are saved
[01:29:40] [Server thread/INFO]: ThreadedAnvilChunkStorage (DIM-1): All chunks are saved
[01:29:40] [Server thread/INFO]: ThreadedAnvilChunkStorage (DIM1): All chunks are saved
[01:29:40] [Server thread/INFO]: ThreadedAnvilChunkStorage: All dimensions are saved
[01:29:40] [Server thread/INFO]: Running delayed init tasks
[01:29:40] [Server thread/INFO]: Done (34.096s)! For help, type "help"
[01:29:40] [Server thread/INFO]: *************************************************************************************
[01:29:40] [Server thread/INFO]: This is the first time you're starting this server.
[01:29:40] [Server thread/INFO]: It's recommended you read our 'Getting Started' documentation for guidance.
[01:29:40] [Server thread/INFO]: View this and more helpful information here: https://docs.papermc.io/paper/next-steps
[01:29:40] [Server thread/INFO]: *************************************************************************************
[01:29:41] [Paper Async Task Handler Thread - 1/INFO]: *** Currently you are 12 build(s) behind ***
[01:29:41] [Paper Async Task Handler Thread - 1/INFO]: *** It is highly recommended to download the latest build from https://papermc.io/downloads/paper ***
